<?xml version="1.0" encoding="UTF-8"?>
<!-- Generated by org.testng.reporters.JUnitReportReporter -->
<testsuite hostname="DESKTOP-EU4J941" failures="0" tests="1" name="tests.BaseTest" time="0.035" errors="0" timestamp="2022-05-14T15:59:01 PST" skipped="0">
  <testcase classname="tests.BaseTest" name="f" time="0.035"/>
  <system-out/>
</testsuite> <!-- tests.BaseTest -->
